Arguments: 
  D:\node\node.exe C:\Users\wuxz\AppData\Roaming\npm\node_modules\yarn\bin\yarn.js add babylon @bable/traverse @bable/types @bable/generator

PATH: 
  C:\ProgramData\Oracle\Java\javapath;D:\oracle\product\10.2.0\client_1\bin;C:\Program Files (x86)\Intel\iCLS Client\;C:\Program Files\Intel\iCLS Client\;C:\WINDOWS\system32;C:\WINDOWS;C:\WINDOWS\System32\Wbem;C:\WINDOWS\System32\WindowsPowerShell\v1.0\;C:\Program Files (x86)\Intel\Intel(R) Management Engine Components\DAL;C:\Program Files\Intel\Intel(R) Management Engine Components\DAL;C:\Program Files (x86)\Intel\Intel(R) Management Engine Components\IPT;C:\Program Files\Intel\Intel(R) Management Engine Components\IPT;G:\SVN\bin;D:\JAVA\java8\Java\jdk1.8.0_111/bin;D:\JAVA\java8\Java\jdk1.8.0_111/jre/bin;D:\mysql-5.7.17\bin;C:\Program Files\Intel\WiFi\bin\;C:\Program Files\Common Files\Intel\WirelessCommon\;D:\apache-maven-3.2.1/bin;D:\node;D:\Git\cmd;G:\浪潮\phantomjs-2.1.1-windows\bin\;D:\git\usr\bin;D:\node\;C:\Program Files\Microsoft VS Code\bin;C:\Python27;C:\android\tools;C:\android\platform-tools;C:\Users\wuxz\AppData\Local\Microsoft\WindowsApps;C:\Program Files\Microsoft VS Code\bin;C:\Users\wuxz\AppData\Roaming\npm

Yarn version: 
  1.10.1

Node version: 
  8.11.3

Platform: 
  win32 x64

Trace: 
  Error: http://registry.npm.taobao.org/@bable%2ftraverse: Not found
      at Request.params.callback [as _callback] (C:\Users\wuxz\AppData\Roaming\npm\node_modules\yarn\lib\cli.js:61073:18)
      at Request.self.callback (C:\Users\wuxz\AppData\Roaming\npm\node_modules\yarn\lib\cli.js:120166:22)
      at emitTwo (events.js:126:13)
      at Request.emit (events.js:214:7)
      at Request.<anonymous> (C:\Users\wuxz\AppData\Roaming\npm\node_modules\yarn\lib\cli.js:121138:10)
      at emitOne (events.js:116:13)
      at Request.emit (events.js:211:7)
      at IncomingMessage.<anonymous> (C:\Users\wuxz\AppData\Roaming\npm\node_modules\yarn\lib\cli.js:121060:12)
      at Object.onceWrapper (events.js:313:30)
      at emitNone (events.js:111:20)

npm manifest: 
  {
    "name": "webpack",
    "version": "1.0.0",
    "main": "index.js",
    "license": "MIT",
    "bin":{
      "my-pack":"./bin/my-webpack.js"
    }
  }

yarn manifest: 
  No manifest

Lockfile: 
  No lockfile
